{"name": "test_search_without_entering_any_product", "status": "failed", "statusDetails": {"message": "AssertionError: assert False\n +  where False = <method-wrapper '__eq__' of str object at 0x00000207AA293280>('There is no product that matches the search criteria.ABC')\n +    where <method-wrapper '__eq__' of str object at 0x00000207AA293280> = 'There is no product that matches the search criteria.'.__eq__\n +      where 'There is no product that matches the search criteria.' = retrieve_no_product_message()\n +        where retrieve_no_product_message = <pages.SearchPage.SearchPage object at 0x00000207AAAB8B10>.retrieve_no_product_message", "trace": "self = <tests.test_Search.TestSearch object at 0x00000207AAAD8390>\n\n    def test_search_without_entering_any_product(self):\n        home_page = HomePage(self.driver)\n        search_page = home_page.search_for_a_product(\"\")\n        expected_text = \"There is no product that matches the search criteria.ABC\"\n>       assert search_page.retrieve_no_product_message().__eq__(expected_text)\nE       AssertionError: assert False\nE        +  where False = <method-wrapper '__eq__' of str object at 0x00000207AA293280>('There is no product that matches the search criteria.ABC')\nE        +    where <method-wrapper '__eq__' of str object at 0x00000207AA293280> = 'There is no product that matches the search criteria.'.__eq__\nE        +      where 'There is no product that matches the search criteria.' = retrieve_no_product_message()\nE        +        where retrieve_no_product_message = <pages.SearchPage.SearchPage object at 0x00000207AAAB8B10>.retrieve_no_product_message\n\ntests\\test_Search.py:24: AssertionError"}, "start": 1741515850974, "stop": 1741515851756, "uuid": "a2c3d822-f2f1-45c4-a4a7-2abc06bb8ea2", "historyId": "05faa69b42346d7fd4713a5dbe872b45", "testCaseId": "05faa69b42346d7fd4713a5dbe872b45", "fullName": "tests.test_Search.TestSearch#test_search_without_entering_any_product", "labels": [{"name": "tag", "value": "@pytest.mark.usefixtures('setup_and_teardown', 'log_on_failure')"}, {"name": "parentSuite", "value": "tests"}, {"name": "suite", "value": "test_Search"}, {"name": "subSuite", "value": "TestSearch"}, {"name": "host", "value": "GWM-DS1B014779"}, {"name": "thread", "value": "13176-MainThread"}, {"name": "framework", "value": "pytest"}, {"name": "language", "value": "cpython3"}, {"name": "package", "value": "tests.test_Search"}]}